0 info it worked if it ends with ok
1 verbose cli [ 'C:\\Program Files\\nodejs\\node.exe',
1 verbose cli   'C:\\Users\\UO252406\\AppData\\Roaming\\npm\\node_modules\\npm\\bin\\npm-cli.js',
1 verbose cli   'run',
1 verbose cli   'dev' ]
2 info using npm@3.10.10
3 info using node@v11.8.0
4 verbose run-script [ 'predev', 'dev', 'postdev' ]
5 info lifecycle yasgui-yasqe@2.11.21~predev: yasgui-yasqe@2.11.21
6 silly lifecycle yasgui-yasqe@2.11.21~predev: no script for predev, continuing
7 info lifecycle yasgui-yasqe@2.11.21~dev: yasgui-yasqe@2.11.21
8 verbose lifecycle yasgui-yasqe@2.11.21~dev: unsafe-perm in lifecycle true
9 verbose lifecycle yasgui-yasqe@2.11.21~dev: PATH: C:\Users\UO252406\AppData\Roaming\npm\node_modules\npm\bin\node-gyp-bin;D:\Repositories\YASHE\node_modules\.bin;C:\Program Files (x86)\Common Files\Oracle\Java\javapath;C:\Windows\system32;C:\Windows;C:\Windows\System32\Wbem;C:\Windows\System32\WindowsPowerShell\v1.0\;C:\Program Files (x86)\NVIDIA Corporation\PhysX\Common;C:\Program Files\Git\cmd;C:\Program Files (x86)\sbt\bin;C:\WINDOWS\system32;C:\WINDOWS;C:\WINDOWS\System32\Wbem;C:\WINDOWS\System32\WindowsPowerShell\v1.0\;C:\WINDOWS\System32\OpenSSH\;C:\sqlite3;C:\openssl-0.9.8e_X64\bin\;C:\ffmpeg-20181213-e5a0013-win64-static\bin\;C:\curl-7.63.0-win64-mingw\bin\;C:\Users\UO252406\AppData\Local\Programs\Python\Python37-32\Scripts\;C:\opencv-4.0.1;D:\Downloads\libav-x86_64-w64-mingw32-20180108\usr\bin\;C:\Python27\;C:\Program Files\nodejs\;C:\Program Files\Java\jdk-10.0.2\bin\;C:\Users\UO252406\.windows-build-tools\python27\;C:\Program Files\nodejs\node_modules\npm\node_modules\npm-lifecycle\node-gyp-bin;C:\WINDOWS\system32\node_modules\windows-build-tools\node_modules\.bin;C:\WINDOWS\system32\node_modules\.bin;C:\Program Files (x86)\Common Files\Oracle\Java\javapath;C:\Windows\system32;C:\Windows;C:\Windows\System32\Wbem;C:\Windows\System32\WindowsPowerShell\v1.0\;C:\Program Files (x86)\NVIDIA Corporation\PhysX\Common;C:\Program Files\Git\cmd;C:\Program Files (x86)\sbt\bin;C:\WINDOWS\system32;C:\WINDOWS;C:\WINDOWS\System32\Wbem;C:\WINDOWS\System32\WindowsPowerShell\v1.0\;C:\WINDOWS\System32\OpenSSH\;C:\sqlite3;C:\openssl-0.9.8e_X64\bin\;C:\ffmpeg-20181213-e5a0013-win64-static\bin\;C:\curl-7.63.0-win64-mingw\bin\;C:\Users\UO252406\AppData\Local\Programs\Python\Python37-32\Scripts\;C:\opencv-4.0.1;D:\Downloads\libav-x86_64-w64-mingw32-20180108\usr\bin\;C:\Program Files\nodejs\;C:\Python27\;C:\Ruby24-x64\bin;C:\Ruby25-x64\bin;C:\RailsInstaller\Git\cmd;C:\RailsInstaller\Ruby2.2.0\bin;C:\Users\UO252406\AppData\Local\Microsoft\WindowsApps;C:\Users\UO252406\AppData\Local\GitHubDesktop\bin;C:\Users\UO252406\AppData\Local\atom\bin;C:\Users\UO252406\AppData\Local\Microsoft\WindowsApps;C:\Users\UO252406\AppData\Roaming\npm;C:\Users\UO252406\AppData\Local\Programs\Microsoft VS Code\bin
10 verbose lifecycle yasgui-yasqe@2.11.21~dev: CWD: D:\Repositories\YASHE
11 silly lifecycle yasgui-yasqe@2.11.21~dev: Args: [ '/d /s /c', 'gulp serve' ]
12 verbose stack Error: kill ENOSYS
12 verbose stack     at process.kill (internal/process/per_thread.js:185:13)
12 verbose stack     at process.listener (C:\Users\UO252406\AppData\Roaming\npm\node_modules\npm\node_modules\npmlog\node_modules\gauge\node_modules\signal-exit\index.js:86:15)
12 verbose stack     at process.emit (events.js:202:15)
13 verbose cwd D:\Repositories\YASHE
14 error Windows_NT 10.0.17134
15 error argv "C:\\Program Files\\nodejs\\node.exe" "C:\\Users\\UO252406\\AppData\\Roaming\\npm\\node_modules\\npm\\bin\\npm-cli.js" "run" "dev"
16 error node v11.8.0
17 error npm  v3.10.10
18 error code ENOSYS
19 error errno ENOSYS
20 error syscall kill
21 error kill ENOSYS
22 error If you need help, you may report this error at:
22 error     <https://github.com/npm/npm/issues>
23 verbose exit [ 1, true ]
